<?xml version="1.0" encoding="UTF-8"?>
<!-- Generated by org.testng.reporters.JUnitReportReporter -->
<testsuite hostname="MSI" failures="0" tests="7" name="com.nopcommerce.testCases.TC_HomeScreen_01" time="-1683465600.000" errors="1" timestamp="2023-05-07T18:50:13 IST" skipped="6">
  <testcase classname="com.nopcommerce.testCases.TC_HomeScreen_01" name="homePage" time="0.000">
    <skipped/>
  </testcase> <!-- homePage -->
  <system-out/>
  <testcase classname="com.nopcommerce.testCases.TC_HomeScreen_01" name="navigateOnBillingPageAndEnterAddressDetails" time="0.000">
    <skipped/>
  </testcase> <!-- navigateOnBillingPageAndEnterAddressDetails -->
  <system-out/>
  <testcase classname="com.nopcommerce.testCases.TC_HomeScreen_01" name="setup" time="-1683465600.000">
    <error message="
Parameter &#039;browser&#039; is required by BeforeMethod on method setup but has not been marked @Optional or defined
in C:\Users\saiji\AppData\Local\Temp\testng-eclipse-662944357\testng-customsuite.xml" type="org.testng.TestNGException">
      <![CDATA[org.testng.TestNGException: 
Parameter 'browser' is required by BeforeMethod on method setup but has not been marked @Optional or defined
in C:\Users\saiji\AppData\Local\Temp\testng-eclipse-662944357\testng-customsuite.xml
at org.testng.internal.Parameters.createParams(Parameters.java:267)
at org.testng.internal.Parameters.createParametersForMethod(Parameters.java:355)
at org.testng.internal.Parameters.createParameters(Parameters.java:684)
at org.testng.internal.Parameters.createConfigurationParameters(Parameters.java:166)
at org.testng.internal.invokers.ConfigInvoker.invokeConfigurations(ConfigInvoker.java:277)
at org.testng.internal.invokers.TestInvoker.runConfigMethods(TestInvoker.java:823)
at org.testng.internal.invokers.TestInvoker.invokeMethod(TestInvoker.java:590)
at org.testng.internal.invokers.TestInvoker.invokeTestMethod(TestInvoker.java:221)
at org.testng.internal.invokers.MethodRunner.runInSequence(MethodRunner.java:50)
at org.testng.internal.invokers.TestInvoker$MethodInvocationAgent.invoke(TestInvoker.java:969)
at org.testng.internal.invokers.TestInvoker.invokeTestMethods(TestInvoker.java:194)
at org.testng.internal.invokers.TestMethodWorker.invokeTestMethods(TestMethodWorker.java:148)
at org.testng.internal.invokers.TestMethodWorker.run(TestMethodWorker.java:128)
at java.base/java.util.ArrayList.forEach(ArrayList.java:1511)
at org.testng.TestRunner.privateRun(TestRunner.java:829)
at org.testng.TestRunner.run(TestRunner.java:602)
at org.testng.SuiteRunner.runTest(SuiteRunner.java:437)
at org.testng.SuiteRunner.runSequentially(SuiteRunner.java:431)
at org.testng.SuiteRunner.privateRun(SuiteRunner.java:391)
at org.testng.SuiteRunner.run(SuiteRunner.java:330)
at org.testng.SuiteRunnerWorker.runSuite(SuiteRunnerWorker.java:52)
at org.testng.SuiteRunnerWorker.run(SuiteRunnerWorker.java:95)
at org.testng.TestNG.runSuitesSequentially(TestNG.java:1256)
at org.testng.TestNG.runSuitesLocally(TestNG.java:1176)
at org.testng.TestNG.runSuites(TestNG.java:1099)
at org.testng.TestNG.run(TestNG.java:1067)
at org.testng.remote.AbstractRemoteTestNG.run(AbstractRemoteTestNG.java:115)
at org.testng.remote.RemoteTestNG.initAndRun(RemoteTestNG.java:251)
at org.testng.remote.RemoteTestNG.main(RemoteTestNG.java:77)
]]>
    </error>
  </testcase> <!-- setup -->
  <system-out/>
  <testcase classname="com.nopcommerce.testCases.TC_HomeScreen_01" name="navigatetoProductsScreen" time="0.001">
    <skipped/>
  </testcase> <!-- navigatetoProductsScreen -->
  <system-out/>
  <testcase classname="com.nopcommerce.testCases.TC_HomeScreen_01" name="clickOnDesktopsfromComputers" time="0.000">
    <skipped/>
  </testcase> <!-- clickOnDesktopsfromComputers -->
  <system-out/>
  <testcase classname="com.nopcommerce.testCases.TC_HomeScreen_01" name="navigateToShoppingCartPageAndVerifyProductDetailsAndNavigateToCheckoutPage" time="0.000">
    <skipped/>
  </testcase> <!-- navigateToShoppingCartPageAndVerifyProductDetailsAndNavigateToCheckoutPage -->
  <system-out/>
  <testcase classname="com.nopcommerce.testCases.TC_HomeScreen_01" name="addProductToCartAndVerifyAddedMesssage" time="0.000">
    <skipped/>
  </testcase> <!-- addProductToCartAndVerifyAddedMesssage -->
  <system-out/>
</testsuite> <!-- com.nopcommerce.testCases.TC_HomeScreen_01 -->
